Iteration #: 0
	    [1]	125184.000	   0.49805	[mu]: (0.837, -0.520, -0.169)		[mj]: (-0.393, -0.358, -0.847)		[mi]: (0.380, 0.775, -0.504)		[kappa]:     1.705	[beta]:     0.835
	    [2]	126162.000	   0.50195	[mu]: (0.832, -0.525, -0.176)		[mj]: (-0.393, -0.336, -0.856)		[mi]: (0.390, 0.782, -0.487)		[kappa]:     1.719	[beta]:     0.800
			msglen: 0.000 bits.
Iteration #: 1
	    [1]	125333.979	   0.49865	[mu]: (0.841, -0.516, -0.163)		[mj]: (-0.391, -0.370, -0.843)		[mi]: (0.375, 0.772, -0.513)		[kappa]:     1.695	[beta]:     0.857
	    [2]	126012.021	   0.50135	[mu]: (0.829, -0.529, -0.181)		[mj]: (0.395, 0.324, 0.860)		[mi]: (-0.396, -0.785, 0.477)		[kappa]:     1.730	[beta]:     0.781
			msglen: 5775323.699 bits.
Iteration #: 2
	    [1]	125721.755	   0.50019	[mu]: (0.849, -0.507, -0.150)		[mj]: (-0.384, -0.396, -0.834)		[mi]: (0.363, 0.765, -0.531)		[kappa]:     1.672	[beta]:     0.911
	    [2]	125624.245	   0.49981	[mu]: (0.821, -0.537, -0.193)		[mj]: (0.396, 0.291, 0.871)		[mi]: (-0.412, -0.792, 0.451)		[kappa]:     1.759	[beta]:     0.736
			msglen: 5774435.446 bits.
Iteration #: 3
	    [1]	126624.028	   0.50378	[mu]: (0.867, -0.483, -0.119)		[mj]: (-0.363, -0.452, -0.815)		[mi]: (0.340, 0.750, -0.567)		[kappa]:     1.628	[beta]:     1.051
	    [2]	124721.972	   0.49622	[mu]: (0.802, -0.556, -0.220)		[mj]: (0.386, 0.200, 0.900)		[mi]: (-0.457, -0.807, 0.375)		[kappa]:     1.836	[beta]:     0.649
			msglen: 5769634.859 bits.
Iteration #: 4
	    [1]	128477.692	   0.51116	[mu]: (0.906, -0.422, -0.042)		[mj]: (0.292, 0.548, 0.784)		[mi]: (-0.307, -0.722, 0.620)		[kappa]:     1.577	[beta]:     1.413
	    [2]	122868.308	   0.48884	[mu]: (0.759, -0.591, -0.272)		[mj]: (0.300, -0.053, 0.952)		[mi]: (-0.577, -0.805, 0.137)		[kappa]:     2.063	[beta]:     0.579
			msglen: 5747281.774 bits.
Iteration #: 5
	    [1]	130422.901	   0.51890	[mu]: (0.952, -0.284, 0.114)		[mj]: (0.111, 0.667, 0.737)		[mi]: (-0.285, -0.689, 0.666)		[kappa]:     1.645	[beta]:     2.189
	    [2]	120923.099	   0.48110	[mu]: (0.693, -0.634, -0.342)		[mj]: (0.116, -0.371, 0.922)		[mi]: (-0.711, -0.679, -0.183)		[kappa]:     2.719	[beta]:     0.945
			msglen: 5688559.059 bits.
Iteration #: 6
	    [1]	128560.273	   0.51149	[mu]: (0.954, -0.141, 0.265)		[mj]: (-0.078, 0.736, 0.673)		[mi]: (-0.289, -0.663, 0.691)		[kappa]:     1.896	[beta]:     2.983
	    [2]	122785.727	   0.48851	[mu]: (0.651, -0.655, -0.384)		[mj]: (0.058, -0.462, 0.885)		[mi]: (-0.757, -0.598, -0.263)		[kappa]:     3.756	[beta]:     1.775
			msglen: 5647533.611 bits.
Iteration #: 7
	    [1]	126748.868	   0.50428	[mu]: (0.939, -0.097, 0.330)		[mj]: (-0.142, 0.764, 0.630)		[mi]: (-0.313, -0.638, 0.703)		[kappa]:     2.114	[beta]:     3.322
	    [2]	124597.132	   0.49572	[mu]: (0.635, -0.656, -0.407)		[mj]: (0.070, -0.476, 0.877)		[mi]: (-0.769, -0.585, -0.256)		[kappa]:     4.281	[beta]:     2.282
			msglen: 5640186.648 bits.
Iteration #: 8
	    [1]	127111.968	   0.50573	[mu]: (0.927, -0.105, 0.360)		[mj]: (-0.148, 0.779, 0.609)		[mi]: (-0.345, -0.618, 0.707)		[kappa]:     2.246	[beta]:     3.423
	    [2]	124234.032	   0.49427	[mu]: (0.625, -0.651, -0.431)		[mj]: (0.090, -0.488, 0.868)		[mi]: (-0.775, -0.581, -0.247)		[kappa]:     4.443	[beta]:     2.457
			msglen: 5637474.292 bits.
Iteration #: 9
	    [1]	128358.371	   0.51068	[mu]: (0.917, -0.125, 0.379)		[mj]: (-0.141, 0.787, 0.601)		[mi]: (-0.373, -0.604, 0.704)		[kappa]:     2.322	[beta]:     3.451
	    [2]	122987.629	   0.48932	[mu]: (0.619, -0.643, -0.451)		[mj]: (0.101, -0.505, 0.857)		[mi]: (-0.779, -0.576, -0.248)		[kappa]:     4.511	[beta]:     2.517
			msglen: 5635627.283 bits.
Iteration #: 10
	    [1]	129763.268	   0.51627	[mu]: (0.910, -0.144, 0.390)		[mj]: (-0.132, 0.790, 0.599)		[mi]: (-0.394, -0.597, 0.699)		[kappa]:     2.362	[beta]:     3.450
	    [2]	121582.732	   0.48373	[mu]: (0.615, -0.636, -0.467)		[mj]: (0.105, -0.521, 0.847)		[mi]: (-0.782, -0.570, -0.254)		[kappa]:     4.565	[beta]:     2.546
			msglen: 5634379.095 bits.
Iteration #: 11
	    [1]	131045.821	   0.52138	[mu]: (0.904, -0.158, 0.397)		[mj]: (-0.125, 0.790, 0.600)		[mi]: (-0.409, -0.592, 0.694)		[kappa]:     2.380	[beta]:     3.433
	    [2]	120300.179	   0.47862	[mu]: (0.611, -0.630, -0.480)		[mj]: (0.106, -0.535, 0.838)		[mi]: (-0.784, -0.563, -0.261)		[kappa]:     4.621	[beta]:     2.569
			msglen: 5633543.185 bits.

Sample size: 251346
Kent encoding rate: 22.413 bits/point
Null model encoding: 5927508.980 bits.	(23.583 bits/point)
