Iteration #: 0
	    [1]	   993.000	   0.49650	[mu]: (-0.499, -0.031, -0.866)		[mj]: (-0.708, -0.563, 0.428)		[mi]: (-0.501, 0.826, 0.259)		[kappa]:    18.126	[beta]:     4.527
	    [2]	  1007.000	   0.50350	[mu]: (-0.496, -0.029, -0.868)		[mj]: (-0.705, -0.569, 0.422)		[mi]: (-0.506, 0.822, 0.262)		[kappa]:    19.132	[beta]:     5.045
			msglen: 0.000 bits.
Iteration #: 1
	    [1]	   992.304	   0.49615	[mu]: (-0.509, -0.031, -0.860)		[mj]: (-0.725, -0.523, 0.448)		[mi]: (-0.464, 0.852, 0.244)		[kappa]:    14.762	[beta]:     3.419
	    [2]	  1007.696	   0.50385	[mu]: (-0.486, -0.029, -0.873)		[mj]: (-0.685, -0.608, 0.401)		[mi]: (-0.543, 0.793, 0.276)		[kappa]:    25.840	[beta]:     7.743
			msglen: 39469.959 bits.
Iteration #: 2
	    [1]	   874.096	   0.43708	[mu]: (-0.548, -0.040, -0.836)		[mj]: (-0.740, -0.443, 0.506)		[mi]: (-0.390, 0.896, 0.213)		[kappa]:    10.327	[beta]:     2.565
	    [2]	  1125.904	   0.56292	[mu]: (-0.461, -0.023, -0.887)		[mj]: (-0.618, -0.710, 0.339)		[mi]: (-0.637, 0.704, 0.313)		[kappa]:    97.802	[beta]:    41.914
			msglen: 38169.338 bits.
Iteration #: 3
	    [1]	   526.077	   0.26316	[mu]: (-0.626, -0.064, -0.777)		[mj]: (-0.703, -0.386, 0.597)		[mi]: (-0.338, 0.920, 0.197)		[kappa]:     6.986	[beta]:     2.093
	    [2]	  1473.923	   0.73684	[mu]: (-0.456, -0.019, -0.890)		[mj]: (-0.614, -0.717, 0.330)		[mi]: (-0.645, 0.696, 0.315)		[kappa]:   126.856	[beta]:    55.766
			msglen: 37611.548 bits.
Iteration #: 4
	    [1]	   309.179	   0.15476	[mu]: (-0.753, -0.099, -0.650)		[mj]: (-0.595, -0.317, 0.738)		[mi]: (-0.279, 0.943, 0.180)		[kappa]:     5.023	[beta]:     1.919
	    [2]	  1690.821	   0.84524	[mu]: (-0.456, -0.020, -0.890)		[mj]: (-0.612, -0.718, 0.330)		[mi]: (-0.646, 0.695, 0.316)		[kappa]:   121.661	[beta]:    53.373
			msglen: 37331.388 bits.
Iteration #: 5
	    [1]	   198.053	   0.09923	[mu]: (-0.895, -0.137, -0.426)		[mj]: (-0.381, -0.265, 0.886)		[mi]: (-0.234, 0.955, 0.185)		[kappa]:     4.057	[beta]:     1.679
	    [2]	  1801.947	   0.90077	[mu]: (-0.458, -0.021, -0.889)		[mj]: (-0.611, -0.719, 0.331)		[mi]: (-0.646, 0.695, 0.316)		[kappa]:   112.668	[beta]:    49.222
			msglen: 37208.466 bits.
Iteration #: 6
	    [1]	   150.223	   0.07532	[mu]: (-0.968, -0.159, -0.194)		[mj]: (-0.142, -0.288, 0.947)		[mi]: (-0.207, 0.944, 0.256)		[kappa]:     3.771	[beta]:     1.130
	    [2]	  1849.777	   0.92468	[mu]: (-0.459, -0.022, -0.888)		[mj]: (-0.610, -0.719, 0.332)		[mi]: (-0.646, 0.694, 0.317)		[kappa]:   107.630	[beta]:    46.917
			msglen: 37166.940 bits.
Iteration #: 7
	    [1]	   128.694	   0.06456	[mu]: (-0.985, -0.168, -0.033)		[mj]: (0.054, -0.488, 0.871)		[mi]: (-0.163, 0.857, 0.489)		[kappa]:     3.996	[beta]:     0.726
	    [2]	  1871.306	   0.93544	[mu]: (-0.459, -0.022, -0.888)		[mj]: (-0.610, -0.719, 0.333)		[mi]: (-0.646, 0.694, 0.317)		[kappa]:   105.003	[beta]:    45.680
			msglen: 37146.659 bits.
Iteration #: 8
	    [1]	   117.266	   0.05885	[mu]: (-0.984, -0.166, 0.066)		[mj]: (-0.173, 0.791, -0.587)		[mi]: (0.045, -0.589, -0.807)		[kappa]:     4.444	[beta]:     0.775
	    [2]	  1882.734	   0.94115	[mu]: (-0.459, -0.022, -0.888)		[mj]: (-0.609, -0.719, 0.333)		[mi]: (-0.646, 0.694, 0.317)		[kappa]:   103.254	[beta]:    44.838
			msglen: 37134.850 bits.
Iteration #: 9
	    [1]	   110.950	   0.05570	[mu]: (-0.979, -0.160, 0.123)		[mj]: (-0.198, 0.877, -0.438)		[mi]: (-0.038, -0.453, -0.891)		[kappa]:     4.901	[beta]:     1.071
	    [2]	  1889.050	   0.94430	[mu]: (-0.460, -0.023, -0.888)		[mj]: (-0.609, -0.719, 0.334)		[mi]: (-0.646, 0.694, 0.317)		[kappa]:   102.120	[beta]:    44.310
			msglen: 37130.127 bits.
Iteration #: 10
	    [1]	   108.109	   0.05428	[mu]: (-0.977, -0.155, 0.148)		[mj]: (-0.202, 0.894, -0.400)		[mi]: (-0.070, -0.421, -0.904)		[kappa]:     5.176	[beta]:     1.289
	    [2]	  1891.891	   0.94572	[mu]: (-0.460, -0.023, -0.888)		[mj]: (-0.609, -0.719, 0.334)		[mi]: (-0.646, 0.694, 0.317)		[kappa]:   101.576	[beta]:    44.073
			msglen: 37128.770 bits.
Iteration #: 11
	    [1]	   106.992	   0.05372	[mu]: (-0.976, -0.152, 0.158)		[mj]: (-0.203, 0.898, -0.391)		[mi]: (-0.082, -0.414, -0.907)		[kappa]:     5.295	[beta]:     1.390
	    [2]	  1893.008	   0.94628	[mu]: (-0.460, -0.023, -0.888)		[mj]: (-0.609, -0.719, 0.335)		[mi]: (-0.646, 0.694, 0.317)		[kappa]:   101.353	[beta]:    43.981
			msglen: 37128.430 bits.

Sample size: 2000
Kent encoding rate: 18.564 bits/point
Null model encoding: 47166.129 bits.	(23.583 bits/point)
